<?xml version="1.0" encoding="UTF-8"?>
<!-- Generated by org.testng.reporters.JUnitReportReporter -->
<testsuite skipped="0" hostname="LAPTOP-9LDMOT6R" name="Jenkins.NewTest" tests="1" failures="0" timestamp="17 Nov 2019 17:43:54 GMT" time="0.769" errors="0">
  <testcase name="launchBrowser" time="0.769" classname="Jenkins.NewTest"/>
</testsuite> <!-- Jenkins.NewTest -->
