<?xml version="1.0" encoding="UTF-8"?>
<!-- Generated by org.testng.reporters.JUnitReportReporter -->
<testsuite skipped="0" hostname="LAPTOP-9LDMOT6R" name="Jenkins.NewTest" tests="1" failures="0" timestamp="23 Nov 2019 11:00:02 GMT" time="37.183" errors="0">
  <testcase name="launchBrowser" time="37.183" classname="Jenkins.NewTest"/>
</testsuite> <!-- Jenkins.NewTest -->
